<?xml version="1.0" encoding="UTF-8"?>
<!-- Generated by org.testng.reporters.JUnitReportReporter -->
<testsuite hostname="suresh-PC" name="com.orangehrm.tests.EmployeeRegistrationDDT" tests="2" failures="0" timestamp="25 Aug 2016 04:04:55 GMT" time="8.820" errors="0">
  <testcase name="empregddt" time="5.573" classname="com.orangehrm.tests.EmployeeRegistrationDDT"/>
  <testcase name="empregddt" time="3.247" classname="com.orangehrm.tests.EmployeeRegistrationDDT"/>
</testsuite> <!-- com.orangehrm.tests.EmployeeRegistrationDDT -->
