<?xml version="1.0" encoding="UTF-8"?>
<!-- Generated by org.testng.reporters.JUnitReportReporter -->
<testsuite hostname="suresh-PC" name="com.orangehrm.tests.KeywordDrivenTest" tests="1" failures="0" timestamp="26 Aug 2016 04:00:36 GMT" time="38.421" errors="0">
  <testcase name="keywordtest" time="38.421" classname="com.orangehrm.tests.KeywordDrivenTest"/>
</testsuite> <!-- com.orangehrm.tests.KeywordDrivenTest -->
