<?xml version="1.0" encoding="UTF-8"?>
<!-- Generated by org.testng.reporters.JUnitReportReporter -->
<testsuite hostname="suresh-PC" name="com.orangehrm.tests.EmployeeRegTest" tests="1" failures="0" timestamp="20 Aug 2016 03:06:46 GMT" time="15.671" errors="0">
  <testcase name="empregTest" time="15.671" classname="com.orangehrm.tests.EmployeeRegTest"/>
</testsuite> <!-- com.orangehrm.tests.EmployeeRegTest -->
