<?xml version="1.0" encoding="UTF-8"?>
<!-- Generated by org.testng.reporters.JUnitReportReporter -->
<testsuite hostname="suresh-PC" name="com.orangehrm.tests.AdminLoginTest" tests="1" failures="0" timestamp="29 Aug 2016 03:42:33 GMT" time="11.792" errors="0">
  <testcase name="logintest" time="11.792" classname="com.orangehrm.tests.AdminLoginTest"/>
</testsuite> <!-- com.orangehrm.tests.AdminLoginTest -->
