<?xml version="1.0" encoding="UTF-8"?>
<!-- Generated by org.testng.reporters.JUnitReportReporter -->
<testsuite hostname="suresh-PC" name="com.orangehrm.tests.HybridTest" tests="1" failures="0" timestamp="29 Aug 2016 14:05:18 GMT" time="16.624" errors="0">
  <testcase name="hybridTest" time="16.624" classname="com.orangehrm.tests.HybridTest"/>
</testsuite> <!-- com.orangehrm.tests.HybridTest -->
